[1.001][INFO]: COMMAND InitSession {
   "desiredCapabilities": {
      "browserName": "chrome",
      "chromeOptions": {
         "args": [  ],
         "excludeSwitches": [ "ignore-certificate-errors" ],
         "extensions": [  ]
      },
      "javascriptEnabled": true,
      "platform": "ANY",
      "version": ""
   }
}
[1.001][INFO]: Populating Preferences file: {
   "alternate_error_pages": {
      "enabled": false
   },
   "autofill": {
      "enabled": false
   },
   "browser": {
      "check_default_browser": false
   },
   "distribution": {
      "import_bookmarks": false,
      "import_history": false,
      "import_search_engine": false,
      "make_chrome_default_for_user": false,
      "show_welcome_page": false,
      "skip_first_run_ui": true
   },
   "dns_prefetching": {
      "enabled": false
   },
   "profile": {
      "content_settings": {
         "pattern_pairs": {
            "https://*,*": {
               "media-stream": {
                  "audio": "Default",
                  "video": "Default"
               }
            }
         }
      },
      "default_content_settings": {
         "geolocation": 1,
         "mouselock": 1,
         "notifications": 1,
         "popups": 1,
         "ppapi-broker": 1
      },
      "password_manager_enabled": false
   },
   "safebrowsing": {
      "enabled": false
   },
   "search": {
      "suggest_enabled": false
   },
   "translate": {
      "enabled": false
   }
}
[1.001][INFO]: Populating Local State file: {
   "background_mode": {
      "enabled": false
   },
   "ssl": {
      "rev_checking": {
         "enabled": false
      }
   }
}
[1.002][INFO]: Launching chrome: /usr/bin/chromium-browser --disable-background-networking --disable-client-side-phishing-detection --disable-component-update --disable-default-apps --disable-hang-monitor --disable-prompt-on-repost --disable-sync --disable-web-resources --enable-logging --load-extension=/tmp/.com.google.Chrome.ZEuSqD/internal --log-level=0 --metrics-recording-only --no-first-run --password-store=basic --remote-debugging-port=12070 --safebrowsing-disable-auto-update --safebrowsing-disable-download-protection --test-type=webdriver --use-mock-keychain --user-data-dir=/tmp/.com.google.Chrome.0sHsjV data:,
[1.002][DEBUG]: DevTools request: http://127.0.0.1:12070/json/version
[1.084][DEBUG]: DevTools request failed
[1.134][DEBUG]: DevTools request: http://127.0.0.1:12070/json/version
[1.135][DEBUG]: DevTools request failed
[1.185][DEBUG]: DevTools request: http://127.0.0.1:12070/json/version
[1.185][DEBUG]: DevTools request failed
[1.235][DEBUG]: DevTools request: http://127.0.0.1:12070/json/version
[1.236][DEBUG]: DevTools request failed
[1.286][DEBUG]: DevTools request: http://127.0.0.1:12070/json/version
[1.286][DEBUG]: DevTools request failed
[1.337][DEBUG]: DevTools request: http://127.0.0.1:12070/json/version
[1.337][DEBUG]: DevTools request failed
[1.387][DEBUG]: DevTools request: http://127.0.0.1:12070/json/version
[1.388][DEBUG]: DevTools request failed
[1:1:0501/200102:ERROR:image_metadata_extractor.cc(111)] Couldn't load libexif.
Xlib:  extension "RANDR" missing on display ":1641".
Xlib:  extension "RANDR" missing on display ":1641".
[1.438][DEBUG]: DevTools request: http://127.0.0.1:12070/json/version
[1.438][DEBUG]: DevTools request failed
[1.488][DEBUG]: DevTools request: http://127.0.0.1:12070/json/version
[1.489][DEBUG]: DevTools request failed
[1.539][DEBUG]: DevTools request: http://127.0.0.1:12070/json/version
[1.539][DEBUG]: DevTools request failed
[1.590][DEBUG]: DevTools request: http://127.0.0.1:12070/json/version
[1.663][DEBUG]: DevTools response: {
   "Browser": "Chrome/41.0.2272.76",
   "Protocol-Version": "1.1",
   "User-Agent": "Mozilla/5.0 (X11; Linux x86_64) AppleWebKit/537.36 (KHTML, like Gecko) Ubuntu Chromium/41.0.2272.76 Chrome/41.0.2272.76 Safari/537.36",
   "WebKit-Version": "537.36 (@191030)"
}

[1.663][DEBUG]: DevTools request: http://127.0.0.1:12070/json
[1.684][DEBUG]: DevTools response: [ {
   "description": "",
   "devtoolsFrontendUrl": "/devtools/inspector.html?ws=127.0.0.1:12070/devtools/page/C0EFEE81-741D-4BE4-853B-AD5B98FC8ACD",
   "faviconUrl": "chrome://extension-icon/aapnijgdinlhnhlmodcfapnahmbfebeb/24/1",
   "id": "C0EFEE81-741D-4BE4-853B-AD5B98FC8ACD",
   "title": "Chrome Automation Extension",
   "type": "background_page",
   "url": "chrome-extension://aapnijgdinlhnhlmodcfapnahmbfebeb/_generated_background_page.html",
   "webSocketDebuggerUrl": "ws://127.0.0.1:12070/devtools/page/C0EFEE81-741D-4BE4-853B-AD5B98FC8ACD"
}, {
   "description": "",
   "devtoolsFrontendUrl": "/devtools/inspector.html?ws=127.0.0.1:12070/devtools/page/97CAF554-DDF8-48B6-A7EB-F2504E8285BA",
   "id": "97CAF554-DDF8-48B6-A7EB-F2504E8285BA",
   "title": "",
   "type": "page",
   "url": "data:,",
   "webSocketDebuggerUrl": "ws://127.0.0.1:12070/devtools/page/97CAF554-DDF8-48B6-A7EB-F2504E8285BA"
} ]

[1.684][DEBUG]: DevTools request: http://127.0.0.1:12070/json
[1.685][DEBUG]: DevTools response: [ {
   "description": "",
   "devtoolsFrontendUrl": "/devtools/inspector.html?ws=127.0.0.1:12070/devtools/page/C0EFEE81-741D-4BE4-853B-AD5B98FC8ACD",
   "faviconUrl": "chrome://extension-icon/aapnijgdinlhnhlmodcfapnahmbfebeb/24/1",
   "id": "C0EFEE81-741D-4BE4-853B-AD5B98FC8ACD",
   "title": "Chrome Automation Extension",
   "type": "background_page",
   "url": "chrome-extension://aapnijgdinlhnhlmodcfapnahmbfebeb/_generated_background_page.html",
   "webSocketDebuggerUrl": "ws://127.0.0.1:12070/devtools/page/C0EFEE81-741D-4BE4-853B-AD5B98FC8ACD"
}, {
   "description": "",
   "devtoolsFrontendUrl": "/devtools/inspector.html?ws=127.0.0.1:12070/devtools/page/97CAF554-DDF8-48B6-A7EB-F2504E8285BA",
   "id": "97CAF554-DDF8-48B6-A7EB-F2504E8285BA",
   "title": "",
   "type": "page",
   "url": "data:,",
   "webSocketDebuggerUrl": "ws://127.0.0.1:12070/devtools/page/97CAF554-DDF8-48B6-A7EB-F2504E8285BA"
} ]

[1.688][DEBUG]: DEVTOOLS COMMAND Console.enable (id=1) {

}
[1.688][DEBUG]: DEVTOOLS COMMAND DOM.getDocument (id=2) {

}
[1.688][DEBUG]: DEVTOOLS COMMAND Runtime.enable (id=3) {

}
[1.688][DEBUG]: DEVTOOLS COMMAND Page.enable (id=4) {

}
[1.688][DEBUG]: DEVTOOLS COMMAND Page.enable (id=5) {

}
ATTENTION: default value of option force_s3tc_enable overridden by environment.
[1.921][DEBUG]: DEVTOOLS RESPONSE Console.enable (id=1) {

}
[1.921][DEBUG]: DEVTOOLS EVENT DOM.documentUpdated {

}
[1.921][DEBUG]: DEVTOOLS COMMAND DOM.getDocument (id=6) {

}
[1.922][DEBUG]: DEVTOOLS RESPONSE DOM.getDocument (id=2) {
   "root": {
      "baseURL": "",
      "childNodeCount": 1,
      "children": [ {
         "attributes": [  ],
         "childNodeCount": 2,
         "children": [ {
            "attributes": [  ],
            "childNodeCount": 0,
            "localName": "head",
            "nodeId": 3,
            "nodeName": "HEAD",
            "nodeType": 1,
            "nodeValue": ""
         }, {
            "attributes": [  ],
            "childNodeCount": 0,
            "localName": "body",
            "nodeId": 4,
            "nodeName": "BODY",
            "nodeType": 1,
            "nodeValue": ""
         } ],
         "localName": "html",
         "nodeId": 2,
         "nodeName": "HTML",
         "nodeType": 1,
         "nodeValue": ""
      } ],
      "documentURL": "",
      "localName": "",
      "nodeId": 1,
      "nodeName": "#document",
      "nodeType": 9,
      "nodeValue": "",
      "xmlVersion": ""
   }
}
[1.922][DEBUG]: DEVTOOLS RESPONSE Runtime.enable (id=3) {

}
[1.922][DEBUG]: DEVTOOLS RESPONSE Page.enable (id=4) {

}
[1.922][DEBUG]: DEVTOOLS RESPONSE Page.enable (id=5) {

}
[1.935][DEBUG]: DEVTOOLS EVENT Page.frameNavigated {
   "frame": {
      "id": "4.2",
      "loaderId": "4.1",
      "mimeType": "text/plain",
      "securityOrigin": "://",
      "url": "data:,"
   }
}
[1.935][DEBUG]: DEVTOOLS EVENT Console.messagesCleared {

}
[1.935][DEBUG]: DEVTOOLS EVENT Runtime.executionContextCreated {
   "context": {
      "frameId": "4.2",
      "id": 1,
      "isPageContext": true,
      "name": "",
      "origin": "://"
   }
}
[1.940][DEBUG]: DEVTOOLS RESPONSE DOM.getDocument (id=6) {
   "root": {
      "baseURL": "data:,",
      "childNodeCount": 1,
      "children": [ {
         "attributes": [  ],
         "childNodeCount": 2,
         "children": [ {
            "attributes": [  ],
            "childNodeCount": 0,
            "localName": "head",
            "nodeId": 7,
            "nodeName": "HEAD",
            "nodeType": 1,
            "nodeValue": ""
         }, {
            "attributes": [  ],
            "childNodeCount": 1,
            "localName": "body",
            "nodeId": 8,
            "nodeName": "BODY",
            "nodeType": 1,
            "nodeValue": ""
         } ],
         "localName": "html",
         "nodeId": 6,
         "nodeName": "HTML",
         "nodeType": 1,
         "nodeValue": ""
      } ],
      "documentURL": "data:,",
      "localName": "",
      "nodeId": 5,
      "nodeName": "#document",
      "nodeType": 9,
      "nodeValue": "",
      "xmlVersion": ""
   }
}
[1.940][DEBUG]: DEVTOOLS COMMAND Page.enable (id=7) {

}
[1.942][DEBUG]: DEVTOOLS EVENT Page.loadEventFired {
   "timestamp": 1430510462.82623
}
[1.942][DEBUG]: DEVTOOLS EVENT Page.frameStoppedLoading {
   "frameId": "4.2"
}
[1.942][DEBUG]: DEVTOOLS EVENT DOM.documentUpdated {

}
[1.942][DEBUG]: DEVTOOLS COMMAND DOM.getDocument (id=8) {

}
[1.942][DEBUG]: DEVTOOLS EVENT Page.domContentEventFired {
   "timestamp": 1430510462.82636
}
[1.944][DEBUG]: DEVTOOLS RESPONSE Page.enable (id=7) {

}
[1.944][DEBUG]: DEVTOOLS RESPONSE DOM.getDocument (id=8) {
   "root": {
      "baseURL": "data:,",
      "childNodeCount": 1,
      "children": [ {
         "attributes": [  ],
         "childNodeCount": 2,
         "children": [ {
            "attributes": [  ],
            "childNodeCount": 0,
            "localName": "head",
            "nodeId": 11,
            "nodeName": "HEAD",
            "nodeType": 1,
            "nodeValue": ""
         }, {
            "attributes": [  ],
            "childNodeCount": 1,
            "localName": "body",
            "nodeId": 12,
            "nodeName": "BODY",
            "nodeType": 1,
            "nodeValue": ""
         } ],
         "localName": "html",
         "nodeId": 10,
         "nodeName": "HTML",
         "nodeType": 1,
         "nodeValue": ""
      } ],
      "documentURL": "data:,",
      "localName": "",
      "nodeId": 9,
      "nodeName": "#document",
      "nodeType": 9,
      "nodeValue": "",
      "xmlVersion": ""
   }
}
[1.944][DEBUG]: DEVTOOLS COMMAND Runtime.evaluate (id=9) {
   "expression": "(function() { // Copyright (c) 2012 The Chromium Authors. All rights reserved.\n// Use of this source code is governed by a BSD-style license that can be\n// found in the LICENSE file.\n\n/**\n * Enum f...",
   "returnByValue": true
}
[1.950][DEBUG]: DEVTOOLS RESPONSE Runtime.evaluate (id=9) {
   "result": {
      "type": "object",
      "value": {
         "status": 0,
         "value": 1
      }
   },
   "wasThrown": false
}
[1.950][INFO]: RESPONSE InitSession {
   "acceptSslCerts": true,
   "applicationCacheEnabled": false,
   "browserConnectionEnabled": false,
   "browserName": "chrome",
   "chrome": {
      "userDataDir": "/tmp/.com.google.Chrome.0sHsjV"
   },
   "cssSelectorsEnabled": true,
   "databaseEnabled": false,
   "handlesAlerts": true,
   "javascriptEnabled": true,
   "locationContextEnabled": true,
   "mobileEmulationEnabled": false,
   "nativeEvents": true,
   "platform": "Linux",
   "rotatable": false,
   "takesHeapSnapshot": true,
   "takesScreenshot": true,
   "version": "41.0.2272.76",
   "webStorageEnabled": true
}
[1.952][INFO]: COMMAND SetImplicitWait {
   "ms": 2000.0,
   "sessionId": "ce4e26468ee8020f31a7c3fea4a59e8d"
}
[1.952][INFO]: RESPONSE SetImplicitWait
[1.952][INFO]: COMMAND Navigate {
   "sessionId": "ce4e26468ee8020f31a7c3fea4a59e8d",
   "url": "http://play.spotify.com/"
}
[1.952][INFO]: Waiting for pending navigations...
[1.952][INFO]: Done waiting for pending navigations
[1.952][DEBUG]: DEVTOOLS COMMAND Page.navigate (id=10) {
   "url": "http://play.spotify.com/"
}
[1.985][DEBUG]: DEVTOOLS EVENT DOM.documentUpdated {

}
[1.985][DEBUG]: DEVTOOLS COMMAND DOM.getDocument (id=11) {

}
[1.986][DEBUG]: DEVTOOLS EVENT Runtime.executionContextsCleared {

}
[1.986][DEBUG]: DEVTOOLS EVENT Console.messagesCleared {

}
[1.986][DEBUG]: DEVTOOLS RESPONSE Page.navigate (id=10) {
   "frameId": "15.1"
}
[1.986][DEBUG]: DEVTOOLS COMMAND Runtime.evaluate (id=12) {
   "expression": "document.URL"
}
[1.989][DEBUG]: DEVTOOLS EVENT Page.frameStartedLoading {
   "frameId": "15.1"
}
[1.989][DEBUG]: DEVTOOLS RESPONSE DOM.getDocument (id=11) {
   "root": {
      "baseURL": "",
      "childNodeCount": 1,
      "children": [ {
         "attributes": [  ],
         "childNodeCount": 2,
         "children": [ {
            "attributes": [  ],
            "childNodeCount": 0,
            "localName": "head",
            "nodeId": 3,
            "nodeName": "HEAD",
            "nodeType": 1,
            "nodeValue": ""
         }, {
            "attributes": [  ],
            "childNodeCount": 0,
            "localName": "body",
            "nodeId": 4,
            "nodeName": "BODY",
            "nodeType": 1,
            "nodeValue": ""
         } ],
         "localName": "html",
         "nodeId": 2,
         "nodeName": "HTML",
         "nodeType": 1,
         "nodeValue": ""
      } ],
      "documentURL": "",
      "localName": "",
      "nodeId": 1,
      "nodeName": "#document",
      "nodeType": 9,
      "nodeValue": "",
      "xmlVersion": ""
   }
}
[2.006][DEBUG]: DEVTOOLS EVENT Runtime.executionContextCreated {
   "context": {
      "frameId": "15.1",
      "id": 1,
      "isPageContext": true,
      "name": "",
      "origin": "://"
   }
}
[2.006][DEBUG]: DEVTOOLS RESPONSE Runtime.evaluate (id=12) {
   "result": {
      "type": "string",
      "value": ""
   },
   "wasThrown": false
}
[2.006][INFO]: Waiting for pending navigations...
[2.618][DEBUG]: DEVTOOLS EVENT Page.frameNavigated {
   "frame": {
      "id": "15.1",
      "loaderId": "15.2",
      "mimeType": "text/html",
      "securityOrigin": "https://play.spotify.com",
      "url": "https://play.spotify.com/"
   }
}
[2.623][DEBUG]: DEVTOOLS EVENT Console.messagesCleared {

}
[2.771][DEBUG]: DEVTOOLS EVENT Page.frameAttached {
   "frameId": "15.3",
   "parentFrameId": "15.1"
}
[2.772][DEBUG]: DEVTOOLS EVENT Page.frameStartedLoading {
   "frameId": "15.3"
}
[2.772][DEBUG]: DEVTOOLS EVENT Page.frameNavigated {
   "frame": {
      "id": "15.3",
      "loaderId": "15.4",
      "mimeType": "text/html",
      "name": "suggest",
      "parentId": "15.1",
      "securityOrigin": "https://play.spotify.com",
      "url": "about:blank"
   }
}
[2.772][DEBUG]: DEVTOOLS EVENT Runtime.executionContextCreated {
   "context": {
      "frameId": "15.3",
      "id": 2,
      "isPageContext": true,
      "name": "",
      "origin": "https://play.spotify.com"
   }
}
[2.772][DEBUG]: DEVTOOLS EVENT Page.frameStoppedLoading {
   "frameId": "15.3"
}
[2.772][INFO]: Done waiting for pending navigations
[2.772][INFO]: RESPONSE Navigate
[2.773][INFO]: COMMAND FindElement {
   "sessionId": "ce4e26468ee8020f31a7c3fea4a59e8d",
   "using": "id",
   "value": "has-account"
}
[2.773][INFO]: Waiting for pending navigations...
[2.773][INFO]: Done waiting for pending navigations
[2.774][DEBUG]: DEVTOOLS COMMAND Runtime.evaluate (id=13) {
   "expression": "(function() { // Copyright (c) 2012 The Chromium Authors. All rights reserved.\n// Use of this source code is governed by a BSD-style license that can be\n// found in the LICENSE file.\n\n/**\n * Enum f...",
   "returnByValue": true
}
[2.780][DEBUG]: DEVTOOLS EVENT Page.frameAttached {
   "frameId": "15.5",
   "parentFrameId": "15.1"
}
[2.780][DEBUG]: DEVTOOLS EVENT Page.frameStartedLoading {
   "frameId": "15.5"
}
[2.780][DEBUG]: DEVTOOLS EVENT Page.frameNavigated {
   "frame": {
      "id": "15.5",
      "loaderId": "15.6",
      "mimeType": "text/html",
      "name": "app-player",
      "parentId": "15.1",
      "securityOrigin": "https://play.spotify.com",
      "url": "about:blank"
   }
}
[2.780][DEBUG]: DEVTOOLS EVENT Runtime.executionContextCreated {
   "context": {
      "frameId": "15.5",
      "id": 3,
      "isPageContext": true,
      "name": "",
      "origin": "https://play.spotify.com"
   }
}
[2.781][DEBUG]: DEVTOOLS EVENT Page.frameStoppedLoading {
   "frameId": "15.5"
}
[2.782][DEBUG]: DEVTOOLS EVENT Page.frameAttached {
   "frameId": "15.7",
   "parentFrameId": "15.1"
}
[2.782][DEBUG]: DEVTOOLS EVENT Page.frameStartedLoading {
   "frameId": "15.7"
}
[2.782][DEBUG]: DEVTOOLS EVENT Page.frameNavigated {
   "frame": {
      "id": "15.7",
      "loaderId": "15.8",
      "mimeType": "text/html",
      "name": "notifications",
      "parentId": "15.1",
      "securityOrigin": "https://play.spotify.com",
      "url": "about:blank"
   }
}
[2.782][DEBUG]: DEVTOOLS EVENT Runtime.executionContextCreated {
   "context": {
      "frameId": "15.7",
      "id": 4,
      "isPageContext": true,
      "name": "",
      "origin": "https://play.spotify.com"
   }
}
[2.782][DEBUG]: DEVTOOLS EVENT Page.frameStoppedLoading {
   "frameId": "15.7"
}
[2.782][DEBUG]: DEVTOOLS EVENT Page.frameAttached {
   "frameId": "15.9",
   "parentFrameId": "15.1"
}
[2.782][DEBUG]: DEVTOOLS EVENT Page.frameStartedLoading {
   "frameId": "15.9"
}
[2.782][DEBUG]: DEVTOOLS EVENT Page.frameNavigated {
   "frame": {
      "id": "15.9",
      "loaderId": "15.10",
      "mimeType": "text/html",
      "name": "ad-modal",
      "parentId": "15.1",
      "securityOrigin": "https://play.spotify.com",
      "url": "about:blank"
   }
}
[2.782][DEBUG]: DEVTOOLS EVENT Runtime.executionContextCreated {
   "context": {
      "frameId": "15.9",
      "id": 5,
      "isPageContext": true,
      "name": "",
      "origin": "https://play.spotify.com"
   }
}
[2.782][DEBUG]: DEVTOOLS EVENT Page.frameStoppedLoading {
   "frameId": "15.9"
}
[3.008][DEBUG]: DEVTOOLS EVENT Console.messageAdded {
   "message": {
      "column": 240,
      "executionContextId": 1,
      "level": "error",
      "line": 5,
      "parameters": [ {
         "type": "string",
         "value": "No translation exists, falling back to input string:"
      }, {
         "type": "string",
         "value": "Use of this service is not enabled for your account."
      } ],
      "source": "console-api",
      "stackTrace": [ {
         "columnNumber": 240,
         "functionName": "",
         "lineNumber": 5,
         "scriptId": "42",
         "url": "https://play.spotify.edgekey.net/client/05f2cfc/js/bootstrap.js"
      }, {
         "columnNumber": 486,
         "functionName": "Spotify.Web.Screens.Login",
         "lineNumber": 266,
         "scriptId": "46",
         "url": "https://play.spotify.edgekey.net/client/05f2cfc/js/spotify.web.client.js"
      }, {
         "columnNumber": 135,
         "functionName": "init",
         "lineNumber": 263,
         "scriptId": "46",
         "url": "https://play.spotify.edgekey.net/client/05f2cfc/js/spotify.web.client.js"
      }, {
         "columnNumber": 9,
         "functionName": "",
         "lineNumber": 226,
         "scriptId": "48",
         "url": "https://play.spotify.com/"
      } ],
      "text": "No translation exists, falling back to input string:",
      "timestamp": 1430510463.89196,
      "type": "log",
      "url": "https://play.spotify.edgekey.net/client/05f2cfc/js/bootstrap.js"
   }
}
[3.076][DEBUG]: DEVTOOLS EVENT DOM.documentUpdated {

}
[3.076][DEBUG]: DEVTOOLS COMMAND DOM.getDocument (id=14) {

}
[3.077][DEBUG]: DEVTOOLS EVENT Page.domContentEventFired {
   "timestamp": 1430510463.95993
}
[3.091][DEBUG]: DEVTOOLS RESPONSE Runtime.evaluate (id=13) {
   "result": {
      "type": "object",
      "value": {
         "status": 0,
         "value": {
            "ELEMENT": "0.8445986693259329-1"
         }
      }
   },
   "wasThrown": false
}
[3.105][DEBUG]: DEVTOOLS EVENT Console.messageAdded {
   "message": {
      "column": 0,
      "level": "error",
      "line": 0,
      "networkRequestId": "15.31",
      "source": "network",
      "text": "Failed to load resource: net::ERR_CONNECTION_REFUSED",
      "timestamp": 1430510463.99126,
      "type": "log",
      "url": "https://mhpgrohvfo.spotilocal.com:4370/service/version.json?service=remote"
   }
}
[3.214][DEBUG]: DEVTOOLS RESPONSE DOM.getDocument (id=14) {
   "root": {
      "baseURL": "https://play.spotify.com/",
      "childNodeCount": 2,
      "children": [ {
         "localName": "",
         "nodeId": 6,
         "nodeName": "html",
         "nodeType": 10,
         "nodeValue": "",
         "publicId": "",
         "systemId": ""
      }, {
         "attributes": [ "lang", "en", "slick-uniqueid", "3", "class", "lang-en" ],
         "childNodeCount": 4,
         "children": [ {
            "attributes": [  ],
            "childNodeCount": 22,
            "localName": "head",
            "nodeId": 8,
            "nodeName": "HEAD",
            "nodeType": 1,
            "nodeValue": ""
         }, {
            "localName": "",
            "nodeId": 9,
            "nodeName": "#comment",
            "nodeType": 8,
            "nodeValue": "[if IE 9]> \u003Cbody class=\"ie9 m-US \" > \u003C![endif]"
         }, {
            "localName": "",
            "nodeId": 10,
            "nodeName": "#comment",
            "nodeType": 8,
            "nodeValue": "[if gt IE 9]>\u003C!"
         }, {
            "attributes": [ "class", "m-US login" ],
            "childNodeCount": 29,
            "localName": "body",
            "nodeId": 11,
            "nodeName": "BODY",
            "nodeType": 1,
            "nodeValue": ""
         } ],
         "localName": "html",
         "nodeId": 7,
         "nodeName": "HTML",
         "nodeType": 1,
         "nodeValue": ""
      } ],
      "documentURL": "https://play.spotify.com/",
      "localName": "",
      "nodeId": 5,
      "nodeName": "#document",
      "nodeType": 9,
      "nodeValue": "",
      "xmlVersion": ""
   }
}
[3.214][INFO]: Waiting for pending navigations...
[3.214][INFO]: Done waiting for pending navigations
[3.214][INFO]: RESPONSE FindElement {
   "ELEMENT": "0.8445986693259329-1"
}
[3.215][INFO]: COMMAND IsElementDisplayed {
   "id": "0.8445986693259329-1"
}
[3.215][INFO]: Waiting for pending navigations...
[3.215][INFO]: Done waiting for pending navigations
[3.216][DEBUG]: DEVTOOLS COMMAND Runtime.evaluate (id=15) {
   "expression": "(function() { // Copyright (c) 2012 The Chromium Authors. All rights reserved.\n// Use of this source code is governed by a BSD-style license that can be\n// found in the LICENSE file.\n\n/**\n * Enum f...",
   "returnByValue": true
}
[3.224][DEBUG]: DEVTOOLS EVENT Console.messageAdded {
   "message": {
      "column": 0,
      "level": "error",
      "line": 0,
      "networkRequestId": "15.34",
      "source": "network",
      "text": "Failed to load resource: net::ERR_CONNECTION_REFUSED",
      "timestamp": 1430510464.10972,
      "type": "log",
      "url": "https://mhpgrohvfo.spotilocal.com:4371/service/version.json?service=remote"
   }
}
[3.325][DEBUG]: DEVTOOLS EVENT Page.frameAttached {
   "frameId": "15.11",
   "parentFrameId": "15.1"
}
[3.325][DEBUG]: DEVTOOLS EVENT Page.frameStartedLoading {
   "frameId": "15.11"
}
[3.325][DEBUG]: DEVTOOLS EVENT Page.frameNavigated {
   "frame": {
      "id": "15.11",
      "loaderId": "15.12",
      "mimeType": "text/html",
      "name": "fb_xdm_frame_https",
      "parentId": "15.1",
      "securityOrigin": "https://play.spotify.com",
      "url": "about:blank"
   }
}
[3.325][DEBUG]: DEVTOOLS EVENT Runtime.executionContextCreated {
   "context": {
      "frameId": "15.11",
      "id": 6,
      "isPageContext": true,
      "name": "",
      "origin": "https://play.spotify.com"
   }
}
[3.325][DEBUG]: DEVTOOLS EVENT Page.frameStoppedLoading {
   "frameId": "15.11"
}
[3.328][DEBUG]: DEVTOOLS EVENT Page.frameScheduledNavigation {
   "delay": 0,
   "frameId": "15.11"
}
[3.328][DEBUG]: DEVTOOLS EVENT DOM.childNodeCountUpdated {
   "childNodeCount": 30,
   "nodeId": 11
}
[3.328][DEBUG]: DEVTOOLS EVENT Page.frameAttached {
   "frameId": "15.13",
   "parentFrameId": "15.1"
}
[3.328][DEBUG]: DEVTOOLS EVENT Page.frameStartedLoading {
   "frameId": "15.13"
}
[3.328][DEBUG]: DEVTOOLS EVENT Runtime.executionContextCreated {
   "context": {
      "frameId": "15.13",
      "id": 7,
      "isPageContext": true,
      "name": "",
      "origin": "https://play.spotify.com"
   }
}
[3.336][DEBUG]: DEVTOOLS RESPONSE Runtime.evaluate (id=15) {
   "result": {
      "type": "object",
      "value": {
         "status": 0,
         "value": true
      }
   },
   "wasThrown": false
}
[3.336][INFO]: Waiting for pending navigations...
[3.348][DEBUG]: DEVTOOLS EVENT Console.messageAdded {
   "message": {
      "column": 0,
      "level": "error",
      "line": 0,
      "networkRequestId": "15.38",
      "source": "network",
      "text": "Failed to load resource: net::ERR_CONNECTION_REFUSED",
      "timestamp": 1430510464.22961,
      "type": "log",
      "url": "https://mhpgrohvfo.spotilocal.com:4372/service/version.json?service=remote"
   }
}
[3.400][DEBUG]: DEVTOOLS EVENT Page.frameStartedLoading {
   "frameId": "15.11"
}
[3.400][DEBUG]: DEVTOOLS EVENT Page.frameClearedScheduledNavigation {
   "frameId": "15.11"
}
[3.400][DEBUG]: DEVTOOLS EVENT DOM.childNodeCountUpdated {
   "childNodeCount": 31,
   "nodeId": 11
}
[3.400][DEBUG]: DEVTOOLS EVENT DOM.childNodeCountUpdated {
   "childNodeCount": 23,
   "nodeId": 8
}
[3.400][DEBUG]: DEVTOOLS EVENT DOM.childNodeCountUpdated {
   "childNodeCount": 24,
   "nodeId": 8
}
[3.400][DEBUG]: DEVTOOLS EVENT DOM.childNodeCountUpdated {
   "childNodeCount": 32,
   "nodeId": 11
}
[3.401][DEBUG]: DEVTOOLS EVENT DOM.childNodeCountUpdated {
   "childNodeCount": 25,
   "nodeId": 8
}
[3.401][DEBUG]: DEVTOOLS EVENT DOM.childNodeCountUpdated {
   "childNodeCount": 33,
   "nodeId": 11
}
[3.401][DEBUG]: DEVTOOLS EVENT DOM.childNodeCountUpdated {
   "childNodeCount": 34,
   "nodeId": 11
}
[3.413][DEBUG]: DEVTOOLS EVENT Runtime.executionContextDestroyed {
   "executionContextId": 7
}
[3.413][DEBUG]: DEVTOOLS EVENT Runtime.executionContextCreated {
   "context": {
      "frameId": "15.13",
      "id": 8,
      "isPageContext": true,
      "name": "",
      "origin": "https://accounts.google.com"
   }
}
[3.413][DEBUG]: DEVTOOLS EVENT Page.frameNavigated {
   "frame": {
      "id": "15.13",
      "loaderId": "15.14",
      "mimeType": "text/html",
      "name": "oauth2relay504779193",
      "parentId": "15.1",
      "securityOrigin": "https://accounts.google.com",
      "url": "https://accounts.google.com/o/oauth2/postmessageRelay?parent=https%3A%2F%2Fplay.spotify.com"
   }
}
[3.413][DEBUG]: DEVTOOLS EVENT Console.messageAdded {
   "message": {
      "column": 0,
      "level": "error",
      "line": 0,
      "networkRequestId": "15.40",
      "source": "network",
      "text": "Failed to load resource: net::ERR_CONNECTION_REFUSED",
      "timestamp": 1430510464.29462,
      "type": "log",
      "url": "https://mhpgrohvfo.spotilocal.com:4373/service/version.json?service=remote"
   }
}
[3.423][DEBUG]: DEVTOOLS EVENT Runtime.executionContextDestroyed {
   "executionContextId": 6
}
[3.423][DEBUG]: DEVTOOLS EVENT Runtime.executionContextCreated {
   "context": {
      "frameId": "15.11",
      "id": 9,
      "isPageContext": true,
      "name": "",
      "origin": "https://s-static.ak.facebook.com"
   }
}
[3.423][DEBUG]: DEVTOOLS EVENT Page.frameNavigated {
   "frame": {
      "id": "15.11",
      "loaderId": "15.15",
      "mimeType": "text/html",
      "name": "fb_xdm_frame_https",
      "parentId": "15.1",
      "securityOrigin": "https://s-static.ak.facebook.com",
      "url": "https://s-static.ak.facebook.com/connect/xd_arbiter/6p3So0GhyQP.js?version=41"
   }
}
[3.423][DEBUG]: DEVTOOLS EVENT Console.messageAdded {
   "message": {
      "column": 0,
      "level": "error",
      "line": 0,
      "networkRequestId": "15.45",
      "source": "network",
      "text": "Failed to load resource: net::ERR_CONNECTION_REFUSED",
      "timestamp": 1430510464.30746,
      "type": "log",
      "url": "https://mhpgrohvfo.spotilocal.com:4374/service/version.json?service=remote"
   }
}
[3.450][DEBUG]: DEVTOOLS EVENT Page.frameStoppedLoading {
   "frameId": "15.11"
}
[3.450][DEBUG]: DEVTOOLS EVENT Console.messageAdded {
   "message": {
      "column": 0,
      "level": "error",
      "line": 0,
      "networkRequestId": "15.49",
      "source": "network",
      "text": "Failed to load resource: net::ERR_CONNECTION_REFUSED",
      "timestamp": 1430510464.33505,
      "type": "log",
      "url": "https://mhpgrohvfo.spotilocal.com:4375/service/version.json?service=remote"
   }
}
[3.492][DEBUG]: DEVTOOLS EVENT DOM.childNodeCountUpdated {
   "childNodeCount": 26,
   "nodeId": 8
}
[3.500][DEBUG]: DEVTOOLS EVENT Console.messageAdded {
   "message": {
      "column": 0,
      "level": "error",
      "line": 0,
      "networkRequestId": "15.50",
      "source": "network",
      "text": "Failed to load resource: net::ERR_CONNECTION_REFUSED",
      "timestamp": 1430510464.38313,
      "type": "log",
      "url": "https://mhpgrohvfo.spotilocal.com:4376/service/version.json?service=remote"
   }
}
[3.539][DEBUG]: DEVTOOLS EVENT Console.messageAdded {
   "message": {
      "column": 0,
      "level": "error",
      "line": 0,
      "networkRequestId": "15.53",
      "source": "network",
      "text": "Failed to load resource: net::ERR_CONNECTION_REFUSED",
      "timestamp": 1430510464.42371,
      "type": "log",
      "url": "https://mhpgrohvfo.spotilocal.com:4377/service/version.json?service=remote"
   }
}
[3.563][DEBUG]: DEVTOOLS EVENT Page.frameStoppedLoading {
   "frameId": "15.13"
}
[3.563][INFO]: Done waiting for pending navigations
[3.563][INFO]: RESPONSE IsElementDisplayed true
[3.564][INFO]: COMMAND IsElementEnabled {
   "id": "0.8445986693259329-1"
}
[3.564][INFO]: Waiting for pending navigations...
[3.564][INFO]: Done waiting for pending navigations
[3.564][DEBUG]: DEVTOOLS COMMAND Runtime.evaluate (id=16) {
   "expression": "(function() { // Copyright (c) 2012 The Chromium Authors. All rights reserved.\n// Use of this source code is governed by a BSD-style license that can be\n// found in the LICENSE file.\n\n/**\n * Enum f...",
   "returnByValue": true
}
[3.581][DEBUG]: DEVTOOLS EVENT Console.messageAdded {
   "message": {
      "column": 0,
      "level": "error",
      "line": 0,
      "networkRequestId": "15.55",
      "source": "network",
      "text": "Failed to load resource: net::ERR_CONNECTION_REFUSED",
      "timestamp": 1430510464.46638,
      "type": "log",
      "url": "https://mhpgrohvfo.spotilocal.com:4378/service/version.json?service=remote"
   }
}
[3.586][DEBUG]: DEVTOOLS RESPONSE Runtime.evaluate (id=16) {
   "result": {
      "type": "object",
      "value": {
         "status": 0,
         "value": true
      }
   },
   "wasThrown": false
}
[3.586][INFO]: Waiting for pending navigations...
[3.586][INFO]: Done waiting for pending navigations
[3.586][INFO]: RESPONSE IsElementEnabled true
[3.587][INFO]: COMMAND MouseMove {
   "element": "0.8445986693259329-1",
   "sessionId": "ce4e26468ee8020f31a7c3fea4a59e8d"
}
[3.587][INFO]: Waiting for pending navigations...
[3.587][INFO]: Done waiting for pending navigations
[3.587][DEBUG]: DEVTOOLS COMMAND Runtime.evaluate (id=17) {
   "expression": "(function() { // Copyright (c) 2012 The Chromium Authors. All rights reserved.\n// Use of this source code is governed by a BSD-style license that can be\n// found in the LICENSE file.\n\n/**\n * Enum f...",
   "returnByValue": true
}
[3.590][DEBUG]: DEVTOOLS EVENT Console.messageAdded {
   "message": {
      "column": 0,
      "level": "error",
      "line": 0,
      "networkRequestId": "15.58",
      "source": "network",
      "text": "Failed to load resource: net::ERR_CONNECTION_REFUSED",
      "timestamp": 1430510464.47609,
      "type": "log",
      "url": "https://mhpgrohvfo.spotilocal.com:4379/service/version.json?service=remote"
   }
}
[3.593][DEBUG]: DEVTOOLS RESPONSE Runtime.evaluate (id=17) {
   "result": {
      "type": "object",
      "value": {
         "status": 0,
         "value": {
            "height": 13,
            "left": 0,
            "top": 0,
            "width": 200.917419433594
         }
      }
   },
   "wasThrown": false
}
[3.593][DEBUG]: DEVTOOLS COMMAND Runtime.evaluate (id=18) {
   "expression": "(function() { // Copyright (c) 2012 The Chromium Authors. All rights reserved.\n// Use of this source code is governed by a BSD-style license that can be\n// found in the LICENSE file.\n\n/**\n * Enum f...",
   "returnByValue": true
}
[3.606][DEBUG]: DEVTOOLS RESPONSE Runtime.evaluate (id=18) {
   "result": {
      "type": "object",
      "value": {
         "status": 0,
         "value": {
            "ceil": {

            },
            "clone": {

            },
            "floor": {

            },
            "round": {

            },
            "scale": {

            },
            "toString": {

            },
            "translate": {

            },
            "x": 7.04129028320313,
            "y": 526
         }
      }
   },
   "wasThrown": false
}
[3.606][DEBUG]: DEVTOOLS COMMAND Input.dispatchMouseEvent (id=19) {
   "button": "none",
   "clickCount": 0,
   "modifiers": 0,
   "type": "mouseMoved",
   "x": 107,
   "y": 532
}
[3.608][DEBUG]: DEVTOOLS RESPONSE Input.dispatchMouseEvent (id=19) {

}
[3.608][INFO]: Waiting for pending navigations...
[3.608][INFO]: Done waiting for pending navigations
[3.608][INFO]: RESPONSE MouseMove
[3.609][INFO]: COMMAND DoubleClick {
   "sessionId": "ce4e26468ee8020f31a7c3fea4a59e8d"
}
[3.609][INFO]: Waiting for pending navigations...
[3.609][INFO]: Done waiting for pending navigations
[3.609][DEBUG]: DEVTOOLS COMMAND Input.dispatchMouseEvent (id=20) {
   "button": "left",
   "clickCount": 2,
   "modifiers": 0,
   "type": "mousePressed",
   "x": 107,
   "y": 532
}
[3.612][DEBUG]: DEVTOOLS RESPONSE Input.dispatchMouseEvent (id=20) {

}
[3.612][DEBUG]: DEVTOOLS COMMAND Input.dispatchMouseEvent (id=21) {
   "button": "left",
   "clickCount": 2,
   "modifiers": 0,
   "type": "mouseReleased",
   "x": 107,
   "y": 532
}
[3.613][DEBUG]: DEVTOOLS RESPONSE Input.dispatchMouseEvent (id=21) {

}
[3.613][INFO]: Waiting for pending navigations...
[3.613][INFO]: Done waiting for pending navigations
[3.613][INFO]: RESPONSE DoubleClick
[3.613][INFO]: COMMAND FindElement {
   "sessionId": "ce4e26468ee8020f31a7c3fea4a59e8d",
   "using": "id",
   "value": "fb-login-btn"
}
[3.613][INFO]: Waiting for pending navigations...
[3.613][INFO]: Done waiting for pending navigations
[3.614][DEBUG]: DEVTOOLS COMMAND Runtime.evaluate (id=22) {
   "expression": "(function() { // Copyright (c) 2012 The Chromium Authors. All rights reserved.\n// Use of this source code is governed by a BSD-style license that can be\n// found in the LICENSE file.\n\n/**\n * Enum f...",
   "returnByValue": true
}
[3.635][DEBUG]: DEVTOOLS RESPONSE Runtime.evaluate (id=22) {
   "result": {
      "type": "object",
      "value": {
         "status": 0,
         "value": {
            "ELEMENT": "0.8445986693259329-2"
         }
      }
   },
   "wasThrown": false
}
[3.635][INFO]: Waiting for pending navigations...
[3.635][INFO]: Done waiting for pending navigations
[3.635][INFO]: RESPONSE FindElement {
   "ELEMENT": "0.8445986693259329-2"
}
[3.636][INFO]: COMMAND IsElementDisplayed {
   "id": "0.8445986693259329-2"
}
[3.637][INFO]: Waiting for pending navigations...
[3.637][INFO]: Done waiting for pending navigations
[3.637][DEBUG]: DEVTOOLS COMMAND Runtime.evaluate (id=23) {
   "expression": "(function() { // Copyright (c) 2012 The Chromium Authors. All rights reserved.\n// Use of this source code is governed by a BSD-style license that can be\n// found in the LICENSE file.\n\n/**\n * Enum f...",
   "returnByValue": true
}
[3.645][DEBUG]: DEVTOOLS RESPONSE Runtime.evaluate (id=23) {
   "result": {
      "type": "object",
      "value": {
         "status": 0,
         "value": false
      }
   },
   "wasThrown": false
}
[3.645][INFO]: Waiting for pending navigations...
[3.645][INFO]: Done waiting for pending navigations
[3.645][INFO]: RESPONSE IsElementDisplayed false
[4.147][INFO]: COMMAND FindElement {
   "sessionId": "ce4e26468ee8020f31a7c3fea4a59e8d",
   "using": "id",
   "value": "fb-login-btn"
}
[4.147][DEBUG]: DEVTOOLS EVENT Page.frameAttached {
   "frameId": "15.16",
   "parentFrameId": "15.1"
}
[4.147][DEBUG]: DEVTOOLS EVENT Page.frameStartedLoading {
   "frameId": "15.16"
}
[4.147][DEBUG]: DEVTOOLS EVENT DOM.childNodeCountUpdated {
   "childNodeCount": 27,
   "nodeId": 8
}
[4.147][DEBUG]: DEVTOOLS EVENT Page.loadEventFired {
   "timestamp": 1430510464.7231
}
[4.147][DEBUG]: DEVTOOLS EVENT Page.frameNavigated {
   "frame": {
      "id": "15.16",
      "loaderId": "15.17",
      "mimeType": "text/html",
      "name": "f10a9ca08",
      "parentId": "15.1",
      "securityOrigin": "https://s-static.ak.facebook.com",
      "url": "https://s-static.ak.facebook.com/connect/xd_arbiter/6p3So0GhyQP.js?version=41"
   }
}
[4.147][DEBUG]: DEVTOOLS EVENT Runtime.executionContextCreated {
   "context": {
      "frameId": "15.16",
      "id": 10,
      "isPageContext": true,
      "name": "",
      "origin": "https://s-static.ak.facebook.com"
   }
}
[4.147][DEBUG]: DEVTOOLS EVENT Page.frameStoppedLoading {
   "frameId": "15.16"
}
[4.147][DEBUG]: DEVTOOLS EVENT Page.frameStoppedLoading {
   "frameId": "15.1"
}
[4.147][DEBUG]: DEVTOOLS EVENT Runtime.executionContextDestroyed {
   "executionContextId": 10
}
[4.147][DEBUG]: DEVTOOLS EVENT Page.frameDetached {
   "frameId": "15.16"
}
[4.147][INFO]: Waiting for pending navigations...
[4.147][INFO]: Done waiting for pending navigations
[4.148][DEBUG]: DEVTOOLS COMMAND Runtime.evaluate (id=24) {
   "expression": "(function() { // Copyright (c) 2012 The Chromium Authors. All rights reserved.\n// Use of this source code is governed by a BSD-style license that can be\n// found in the LICENSE file.\n\n/**\n * Enum f...",
   "returnByValue": true
}
[4.158][DEBUG]: DEVTOOLS RESPONSE Runtime.evaluate (id=24) {
   "result": {
      "type": "object",
      "value": {
         "status": 0,
         "value": {
            "ELEMENT": "0.8445986693259329-2"
         }
      }
   },
   "wasThrown": false
}
[4.159][INFO]: Waiting for pending navigations...
[4.159][INFO]: Done waiting for pending navigations
[4.159][INFO]: RESPONSE FindElement {
   "ELEMENT": "0.8445986693259329-2"
}
[4.160][INFO]: COMMAND IsElementDisplayed {
   "id": "0.8445986693259329-2"
}
[4.160][INFO]: Waiting for pending navigations...
[4.160][INFO]: Done waiting for pending navigations
[4.160][DEBUG]: DEVTOOLS COMMAND Runtime.evaluate (id=25) {
   "expression": "(function() { // Copyright (c) 2012 The Chromium Authors. All rights reserved.\n// Use of this source code is governed by a BSD-style license that can be\n// found in the LICENSE file.\n\n/**\n * Enum f...",
   "returnByValue": true
}
[4.163][DEBUG]: DEVTOOLS RESPONSE Runtime.evaluate (id=25) {
   "result": {
      "type": "object",
      "value": {
         "status": 0,
         "value": false
      }
   },
   "wasThrown": false
}
[4.163][INFO]: Waiting for pending navigations...
[4.163][INFO]: Done waiting for pending navigations
[4.163][INFO]: RESPONSE IsElementDisplayed false
[4.664][INFO]: COMMAND FindElement {
   "sessionId": "ce4e26468ee8020f31a7c3fea4a59e8d",
   "using": "id",
   "value": "fb-login-btn"
}
[4.665][INFO]: Waiting for pending navigations...
[4.665][INFO]: Done waiting for pending navigations
[4.665][DEBUG]: DEVTOOLS COMMAND Runtime.evaluate (id=26) {
   "expression": "(function() { // Copyright (c) 2012 The Chromium Authors. All rights reserved.\n// Use of this source code is governed by a BSD-style license that can be\n// found in the LICENSE file.\n\n/**\n * Enum f...",
   "returnByValue": true
}
[4.669][DEBUG]: DEVTOOLS RESPONSE Runtime.evaluate (id=26) {
   "result": {
      "type": "object",
      "value": {
         "status": 0,
         "value": {
            "ELEMENT": "0.8445986693259329-2"
         }
      }
   },
   "wasThrown": false
}
[4.669][INFO]: Waiting for pending navigations...
[4.669][INFO]: Done waiting for pending navigations
[4.669][INFO]: RESPONSE FindElement {
   "ELEMENT": "0.8445986693259329-2"
}
[4.670][INFO]: COMMAND IsElementDisplayed {
   "id": "0.8445986693259329-2"
}
[4.670][INFO]: Waiting for pending navigations...
[4.670][INFO]: Done waiting for pending navigations
[4.670][DEBUG]: DEVTOOLS COMMAND Runtime.evaluate (id=27) {
   "expression": "(function() { // Copyright (c) 2012 The Chromium Authors. All rights reserved.\n// Use of this source code is governed by a BSD-style license that can be\n// found in the LICENSE file.\n\n/**\n * Enum f...",
   "returnByValue": true
}
[4.672][DEBUG]: DEVTOOLS RESPONSE Runtime.evaluate (id=27) {
   "result": {
      "type": "object",
      "value": {
         "status": 0,
         "value": false
      }
   },
   "wasThrown": false
}
[4.672][INFO]: Waiting for pending navigations...
[4.672][INFO]: Done waiting for pending navigations
[4.672][INFO]: RESPONSE IsElementDisplayed false
[5.174][INFO]: COMMAND FindElement {
   "sessionId": "ce4e26468ee8020f31a7c3fea4a59e8d",
   "using": "id",
   "value": "fb-login-btn"
}
[5.174][INFO]: Waiting for pending navigations...
[5.174][INFO]: Done waiting for pending navigations
[5.175][DEBUG]: DEVTOOLS COMMAND Runtime.evaluate (id=28) {
   "expression": "(function() { // Copyright (c) 2012 The Chromium Authors. All rights reserved.\n// Use of this source code is governed by a BSD-style license that can be\n// found in the LICENSE file.\n\n/**\n * Enum f...",
   "returnByValue": true
}
[5.178][DEBUG]: DEVTOOLS RESPONSE Runtime.evaluate (id=28) {
   "result": {
      "type": "object",
      "value": {
         "status": 0,
         "value": {
            "ELEMENT": "0.8445986693259329-2"
         }
      }
   },
   "wasThrown": false
}
[5.178][INFO]: Waiting for pending navigations...
[5.178][INFO]: Done waiting for pending navigations
[5.178][INFO]: RESPONSE FindElement {
   "ELEMENT": "0.8445986693259329-2"
}
[5.179][INFO]: COMMAND IsElementDisplayed {
   "id": "0.8445986693259329-2"
}
[5.179][INFO]: Waiting for pending navigations...
[5.179][INFO]: Done waiting for pending navigations
[5.179][DEBUG]: DEVTOOLS COMMAND Runtime.evaluate (id=29) {
   "expression": "(function() { // Copyright (c) 2012 The Chromium Authors. All rights reserved.\n// Use of this source code is governed by a BSD-style license that can be\n// found in the LICENSE file.\n\n/**\n * Enum f...",
   "returnByValue": true
}
[5.181][DEBUG]: DEVTOOLS RESPONSE Runtime.evaluate (id=29) {
   "result": {
      "type": "object",
      "value": {
         "status": 0,
         "value": false
      }
   },
   "wasThrown": false
}
[5.181][INFO]: Waiting for pending navigations...
[5.181][INFO]: Done waiting for pending navigations
[5.181][INFO]: RESPONSE IsElementDisplayed false
[5.683][INFO]: COMMAND FindElement {
   "sessionId": "ce4e26468ee8020f31a7c3fea4a59e8d",
   "using": "id",
   "value": "fb-login-btn"
}
[5.683][INFO]: Waiting for pending navigations...
[5.683][INFO]: Done waiting for pending navigations
[5.684][DEBUG]: DEVTOOLS COMMAND Runtime.evaluate (id=30) {
   "expression": "(function() { // Copyright (c) 2012 The Chromium Authors. All rights reserved.\n// Use of this source code is governed by a BSD-style license that can be\n// found in the LICENSE file.\n\n/**\n * Enum f...",
   "returnByValue": true
}
[5.687][DEBUG]: DEVTOOLS RESPONSE Runtime.evaluate (id=30) {
   "result": {
      "type": "object",
      "value": {
         "status": 0,
         "value": {
            "ELEMENT": "0.8445986693259329-2"
         }
      }
   },
   "wasThrown": false
}
[5.687][INFO]: Waiting for pending navigations...
[5.687][INFO]: Done waiting for pending navigations
[5.687][INFO]: RESPONSE FindElement {
   "ELEMENT": "0.8445986693259329-2"
}
[5.688][INFO]: COMMAND IsElementDisplayed {
   "id": "0.8445986693259329-2"
}
[5.688][INFO]: Waiting for pending navigations...
[5.688][INFO]: Done waiting for pending navigations
[5.688][DEBUG]: DEVTOOLS COMMAND Runtime.evaluate (id=31) {
   "expression": "(function() { // Copyright (c) 2012 The Chromium Authors. All rights reserved.\n// Use of this source code is governed by a BSD-style license that can be\n// found in the LICENSE file.\n\n/**\n * Enum f...",
   "returnByValue": true
}
[5.690][DEBUG]: DEVTOOLS RESPONSE Runtime.evaluate (id=31) {
   "result": {
      "type": "object",
      "value": {
         "status": 0,
         "value": false
      }
   },
   "wasThrown": false
}
[5.690][INFO]: Waiting for pending navigations...
[5.690][INFO]: Done waiting for pending navigations
[5.690][INFO]: RESPONSE IsElementDisplayed false
[6.192][INFO]: COMMAND FindElement {
   "sessionId": "ce4e26468ee8020f31a7c3fea4a59e8d",
   "using": "id",
   "value": "fb-login-btn"
}
[6.192][INFO]: Waiting for pending navigations...
[6.192][INFO]: Done waiting for pending navigations
[6.193][DEBUG]: DEVTOOLS COMMAND Runtime.evaluate (id=32) {
   "expression": "(function() { // Copyright (c) 2012 The Chromium Authors. All rights reserved.\n// Use of this source code is governed by a BSD-style license that can be\n// found in the LICENSE file.\n\n/**\n * Enum f...",
   "returnByValue": true
}
[6.196][DEBUG]: DEVTOOLS RESPONSE Runtime.evaluate (id=32) {
   "result": {
      "type": "object",
      "value": {
         "status": 0,
         "value": {
            "ELEMENT": "0.8445986693259329-2"
         }
      }
   },
   "wasThrown": false
}
[6.196][INFO]: Waiting for pending navigations...
[6.196][INFO]: Done waiting for pending navigations
[6.196][INFO]: RESPONSE FindElement {
   "ELEMENT": "0.8445986693259329-2"
}
[6.197][INFO]: COMMAND IsElementDisplayed {
   "id": "0.8445986693259329-2"
}
[6.197][INFO]: Waiting for pending navigations...
[6.197][INFO]: Done waiting for pending navigations
[6.198][DEBUG]: DEVTOOLS COMMAND Runtime.evaluate (id=33) {
   "expression": "(function() { // Copyright (c) 2012 The Chromium Authors. All rights reserved.\n// Use of this source code is governed by a BSD-style license that can be\n// found in the LICENSE file.\n\n/**\n * Enum f...",
   "returnByValue": true
}
[6.199][DEBUG]: DEVTOOLS RESPONSE Runtime.evaluate (id=33) {
   "result": {
      "type": "object",
      "value": {
         "status": 0,
         "value": false
      }
   },
   "wasThrown": false
}
[6.199][INFO]: Waiting for pending navigations...
[6.199][INFO]: Done waiting for pending navigations
[6.199][INFO]: RESPONSE IsElementDisplayed false
[6.701][INFO]: COMMAND FindElement {
   "sessionId": "ce4e26468ee8020f31a7c3fea4a59e8d",
   "using": "id",
   "value": "fb-login-btn"
}
[6.701][INFO]: Waiting for pending navigations...
[6.701][INFO]: Done waiting for pending navigations
[6.702][DEBUG]: DEVTOOLS COMMAND Runtime.evaluate (id=34) {
   "expression": "(function() { // Copyright (c) 2012 The Chromium Authors. All rights reserved.\n// Use of this source code is governed by a BSD-style license that can be\n// found in the LICENSE file.\n\n/**\n * Enum f...",
   "returnByValue": true
}
[6.705][DEBUG]: DEVTOOLS RESPONSE Runtime.evaluate (id=34) {
   "result": {
      "type": "object",
      "value": {
         "status": 0,
         "value": {
            "ELEMENT": "0.8445986693259329-2"
         }
      }
   },
   "wasThrown": false
}
[6.705][INFO]: Waiting for pending navigations...
[6.705][INFO]: Done waiting for pending navigations
[6.705][INFO]: RESPONSE FindElement {
   "ELEMENT": "0.8445986693259329-2"
}
[6.705][INFO]: COMMAND IsElementDisplayed {
   "id": "0.8445986693259329-2"
}
[6.705][INFO]: Waiting for pending navigations...
[6.705][INFO]: Done waiting for pending navigations
[6.706][DEBUG]: DEVTOOLS COMMAND Runtime.evaluate (id=35) {
   "expression": "(function() { // Copyright (c) 2012 The Chromium Authors. All rights reserved.\n// Use of this source code is governed by a BSD-style license that can be\n// found in the LICENSE file.\n\n/**\n * Enum f...",
   "returnByValue": true
}
[6.708][DEBUG]: DEVTOOLS RESPONSE Runtime.evaluate (id=35) {
   "result": {
      "type": "object",
      "value": {
         "status": 0,
         "value": false
      }
   },
   "wasThrown": false
}
[6.708][INFO]: Waiting for pending navigations...
[6.708][INFO]: Done waiting for pending navigations
[6.708][INFO]: RESPONSE IsElementDisplayed false
[7.210][INFO]: COMMAND FindElement {
   "sessionId": "ce4e26468ee8020f31a7c3fea4a59e8d",
   "using": "id",
   "value": "fb-login-btn"
}
[7.210][INFO]: Waiting for pending navigations...
[7.210][INFO]: Done waiting for pending navigations
[7.211][DEBUG]: DEVTOOLS COMMAND Runtime.evaluate (id=36) {
   "expression": "(function() { // Copyright (c) 2012 The Chromium Authors. All rights reserved.\n// Use of this source code is governed by a BSD-style license that can be\n// found in the LICENSE file.\n\n/**\n * Enum f...",
   "returnByValue": true
}
[7.213][DEBUG]: DEVTOOLS RESPONSE Runtime.evaluate (id=36) {
   "result": {
      "type": "object",
      "value": {
         "status": 0,
         "value": {
            "ELEMENT": "0.8445986693259329-2"
         }
      }
   },
   "wasThrown": false
}
[7.213][INFO]: Waiting for pending navigations...
[7.213][INFO]: Done waiting for pending navigations
[7.214][INFO]: RESPONSE FindElement {
   "ELEMENT": "0.8445986693259329-2"
}
[7.214][INFO]: COMMAND IsElementDisplayed {
   "id": "0.8445986693259329-2"
}
[7.214][INFO]: Waiting for pending navigations...
[7.214][INFO]: Done waiting for pending navigations
[7.215][DEBUG]: DEVTOOLS COMMAND Runtime.evaluate (id=37) {
   "expression": "(function() { // Copyright (c) 2012 The Chromium Authors. All rights reserved.\n// Use of this source code is governed by a BSD-style license that can be\n// found in the LICENSE file.\n\n/**\n * Enum f...",
   "returnByValue": true
}
[7.217][DEBUG]: DEVTOOLS RESPONSE Runtime.evaluate (id=37) {
   "result": {
      "type": "object",
      "value": {
         "status": 0,
         "value": false
      }
   },
   "wasThrown": false
}
[7.217][INFO]: Waiting for pending navigations...
[7.217][INFO]: Done waiting for pending navigations
[7.217][INFO]: RESPONSE IsElementDisplayed false
[7.718][INFO]: COMMAND FindElement {
   "sessionId": "ce4e26468ee8020f31a7c3fea4a59e8d",
   "using": "id",
   "value": "fb-login-btn"
}
[7.718][INFO]: Waiting for pending navigations...
[7.718][INFO]: Done waiting for pending navigations
[7.719][DEBUG]: DEVTOOLS COMMAND Runtime.evaluate (id=38) {
   "expression": "(function() { // Copyright (c) 2012 The Chromium Authors. All rights reserved.\n// Use of this source code is governed by a BSD-style license that can be\n// found in the LICENSE file.\n\n/**\n * Enum f...",
   "returnByValue": true
}
[7.722][DEBUG]: DEVTOOLS RESPONSE Runtime.evaluate (id=38) {
   "result": {
      "type": "object",
      "value": {
         "status": 0,
         "value": {
            "ELEMENT": "0.8445986693259329-2"
         }
      }
   },
   "wasThrown": false
}
[7.722][INFO]: Waiting for pending navigations...
[7.722][INFO]: Done waiting for pending navigations
[7.722][INFO]: RESPONSE FindElement {
   "ELEMENT": "0.8445986693259329-2"
}
[7.723][INFO]: COMMAND IsElementDisplayed {
   "id": "0.8445986693259329-2"
}
[7.723][INFO]: Waiting for pending navigations...
[7.723][INFO]: Done waiting for pending navigations
[7.723][DEBUG]: DEVTOOLS COMMAND Runtime.evaluate (id=39) {
   "expression": "(function() { // Copyright (c) 2012 The Chromium Authors. All rights reserved.\n// Use of this source code is governed by a BSD-style license that can be\n// found in the LICENSE file.\n\n/**\n * Enum f...",
   "returnByValue": true
}
[7.725][DEBUG]: DEVTOOLS RESPONSE Runtime.evaluate (id=39) {
   "result": {
      "type": "object",
      "value": {
         "status": 0,
         "value": false
      }
   },
   "wasThrown": false
}
[7.725][INFO]: Waiting for pending navigations...
[7.725][INFO]: Done waiting for pending navigations
[7.725][INFO]: RESPONSE IsElementDisplayed false
[8.227][INFO]: COMMAND FindElement {
   "sessionId": "ce4e26468ee8020f31a7c3fea4a59e8d",
   "using": "id",
   "value": "fb-login-btn"
}
[8.227][INFO]: Waiting for pending navigations...
[8.227][INFO]: Done waiting for pending navigations
[8.228][DEBUG]: DEVTOOLS COMMAND Runtime.evaluate (id=40) {
   "expression": "(function() { // Copyright (c) 2012 The Chromium Authors. All rights reserved.\n// Use of this source code is governed by a BSD-style license that can be\n// found in the LICENSE file.\n\n/**\n * Enum f...",
   "returnByValue": true
}
[8.231][DEBUG]: DEVTOOLS RESPONSE Runtime.evaluate (id=40) {
   "result": {
      "type": "object",
      "value": {
         "status": 0,
         "value": {
            "ELEMENT": "0.8445986693259329-2"
         }
      }
   },
   "wasThrown": false
}
[8.231][INFO]: Waiting for pending navigations...
[8.231][INFO]: Done waiting for pending navigations
[8.231][INFO]: RESPONSE FindElement {
   "ELEMENT": "0.8445986693259329-2"
}
[8.232][INFO]: COMMAND IsElementDisplayed {
   "id": "0.8445986693259329-2"
}
[8.232][INFO]: Waiting for pending navigations...
[8.232][INFO]: Done waiting for pending navigations
[8.232][DEBUG]: DEVTOOLS COMMAND Runtime.evaluate (id=41) {
   "expression": "(function() { // Copyright (c) 2012 The Chromium Authors. All rights reserved.\n// Use of this source code is governed by a BSD-style license that can be\n// found in the LICENSE file.\n\n/**\n * Enum f...",
   "returnByValue": true
}
[8.234][DEBUG]: DEVTOOLS RESPONSE Runtime.evaluate (id=41) {
   "result": {
      "type": "object",
      "value": {
         "status": 0,
         "value": false
      }
   },
   "wasThrown": false
}
[8.234][INFO]: Waiting for pending navigations...
[8.234][INFO]: Done waiting for pending navigations
[8.234][INFO]: RESPONSE IsElementDisplayed false
[8.736][INFO]: COMMAND FindElement {
   "sessionId": "ce4e26468ee8020f31a7c3fea4a59e8d",
   "using": "id",
   "value": "fb-login-btn"
}
[8.736][INFO]: Waiting for pending navigations...
[8.736][INFO]: Done waiting for pending navigations
[8.737][DEBUG]: DEVTOOLS COMMAND Runtime.evaluate (id=42) {
   "expression": "(function() { // Copyright (c) 2012 The Chromium Authors. All rights reserved.\n// Use of this source code is governed by a BSD-style license that can be\n// found in the LICENSE file.\n\n/**\n * Enum f...",
   "returnByValue": true
}
[8.740][DEBUG]: DEVTOOLS RESPONSE Runtime.evaluate (id=42) {
   "result": {
      "type": "object",
      "value": {
         "status": 0,
         "value": {
            "ELEMENT": "0.8445986693259329-2"
         }
      }
   },
   "wasThrown": false
}
[8.740][INFO]: Waiting for pending navigations...
[8.740][INFO]: Done waiting for pending navigations
[8.740][INFO]: RESPONSE FindElement {
   "ELEMENT": "0.8445986693259329-2"
}
[8.740][INFO]: COMMAND IsElementDisplayed {
   "id": "0.8445986693259329-2"
}
[8.740][INFO]: Waiting for pending navigations...
[8.740][INFO]: Done waiting for pending navigations
[8.741][DEBUG]: DEVTOOLS COMMAND Runtime.evaluate (id=43) {
   "expression": "(function() { // Copyright (c) 2012 The Chromium Authors. All rights reserved.\n// Use of this source code is governed by a BSD-style license that can be\n// found in the LICENSE file.\n\n/**\n * Enum f...",
   "returnByValue": true
}
[8.744][DEBUG]: DEVTOOLS RESPONSE Runtime.evaluate (id=43) {
   "result": {
      "type": "object",
      "value": {
         "status": 0,
         "value": false
      }
   },
   "wasThrown": false
}
[8.744][INFO]: Waiting for pending navigations...
[8.744][INFO]: Done waiting for pending navigations
[8.744][INFO]: RESPONSE IsElementDisplayed false
[9.246][INFO]: COMMAND FindElement {
   "sessionId": "ce4e26468ee8020f31a7c3fea4a59e8d",
   "using": "id",
   "value": "fb-login-btn"
}
[9.246][INFO]: Waiting for pending navigations...
[9.246][INFO]: Done waiting for pending navigations
[9.246][DEBUG]: DEVTOOLS COMMAND Runtime.evaluate (id=44) {
   "expression": "(function() { // Copyright (c) 2012 The Chromium Authors. All rights reserved.\n// Use of this source code is governed by a BSD-style license that can be\n// found in the LICENSE file.\n\n/**\n * Enum f...",
   "returnByValue": true
}
[9.250][DEBUG]: DEVTOOLS RESPONSE Runtime.evaluate (id=44) {
   "result": {
      "type": "object",
      "value": {
         "status": 0,
         "value": {
            "ELEMENT": "0.8445986693259329-2"
         }
      }
   },
   "wasThrown": false
}
[9.250][INFO]: Waiting for pending navigations...
[9.250][INFO]: Done waiting for pending navigations
[9.250][INFO]: RESPONSE FindElement {
   "ELEMENT": "0.8445986693259329-2"
}
[9.251][INFO]: COMMAND IsElementDisplayed {
   "id": "0.8445986693259329-2"
}
[9.251][INFO]: Waiting for pending navigations...
[9.251][INFO]: Done waiting for pending navigations
[9.251][DEBUG]: DEVTOOLS COMMAND Runtime.evaluate (id=45) {
   "expression": "(function() { // Copyright (c) 2012 The Chromium Authors. All rights reserved.\n// Use of this source code is governed by a BSD-style license that can be\n// found in the LICENSE file.\n\n/**\n * Enum f...",
   "returnByValue": true
}
[9.253][DEBUG]: DEVTOOLS RESPONSE Runtime.evaluate (id=45) {
   "result": {
      "type": "object",
      "value": {
         "status": 0,
         "value": false
      }
   },
   "wasThrown": false
}
[9.253][INFO]: Waiting for pending navigations...
[9.253][INFO]: Done waiting for pending navigations
[9.253][INFO]: RESPONSE IsElementDisplayed false
[9.755][INFO]: COMMAND FindElement {
   "sessionId": "ce4e26468ee8020f31a7c3fea4a59e8d",
   "using": "id",
   "value": "fb-login-btn"
}
[9.755][INFO]: Waiting for pending navigations...
[9.755][INFO]: Done waiting for pending navigations
[9.755][DEBUG]: DEVTOOLS COMMAND Runtime.evaluate (id=46) {
   "expression": "(function() { // Copyright (c) 2012 The Chromium Authors. All rights reserved.\n// Use of this source code is governed by a BSD-style license that can be\n// found in the LICENSE file.\n\n/**\n * Enum f...",
   "returnByValue": true
}
[9.758][DEBUG]: DEVTOOLS RESPONSE Runtime.evaluate (id=46) {
   "result": {
      "type": "object",
      "value": {
         "status": 0,
         "value": {
            "ELEMENT": "0.8445986693259329-2"
         }
      }
   },
   "wasThrown": false
}
[9.758][INFO]: Waiting for pending navigations...
[9.758][INFO]: Done waiting for pending navigations
[9.758][INFO]: RESPONSE FindElement {
   "ELEMENT": "0.8445986693259329-2"
}
[9.759][INFO]: COMMAND IsElementDisplayed {
   "id": "0.8445986693259329-2"
}
[9.759][INFO]: Waiting for pending navigations...
[9.759][INFO]: Done waiting for pending navigations
[9.759][DEBUG]: DEVTOOLS COMMAND Runtime.evaluate (id=47) {
   "expression": "(function() { // Copyright (c) 2012 The Chromium Authors. All rights reserved.\n// Use of this source code is governed by a BSD-style license that can be\n// found in the LICENSE file.\n\n/**\n * Enum f...",
   "returnByValue": true
}
[9.761][DEBUG]: DEVTOOLS RESPONSE Runtime.evaluate (id=47) {
   "result": {
      "type": "object",
      "value": {
         "status": 0,
         "value": false
      }
   },
   "wasThrown": false
}
[9.761][INFO]: Waiting for pending navigations...
[9.761][INFO]: Done waiting for pending navigations
[9.761][INFO]: RESPONSE IsElementDisplayed false
[10.263][INFO]: COMMAND FindElement {
   "sessionId": "ce4e26468ee8020f31a7c3fea4a59e8d",
   "using": "id",
   "value": "fb-login-btn"
}
[10.263][INFO]: Waiting for pending navigations...
[10.263][INFO]: Done waiting for pending navigations
[10.264][DEBUG]: DEVTOOLS COMMAND Runtime.evaluate (id=48) {
   "expression": "(function() { // Copyright (c) 2012 The Chromium Authors. All rights reserved.\n// Use of this source code is governed by a BSD-style license that can be\n// found in the LICENSE file.\n\n/**\n * Enum f...",
   "returnByValue": true
}
[10.266][DEBUG]: DEVTOOLS RESPONSE Runtime.evaluate (id=48) {
   "result": {
      "type": "object",
      "value": {
         "status": 0,
         "value": {
            "ELEMENT": "0.8445986693259329-2"
         }
      }
   },
   "wasThrown": false
}
[10.266][INFO]: Waiting for pending navigations...
[10.266][INFO]: Done waiting for pending navigations
[10.266][INFO]: RESPONSE FindElement {
   "ELEMENT": "0.8445986693259329-2"
}
[10.267][INFO]: COMMAND IsElementDisplayed {
   "id": "0.8445986693259329-2"
}
[10.267][INFO]: Waiting for pending navigations...
[10.267][INFO]: Done waiting for pending navigations
[10.268][DEBUG]: DEVTOOLS COMMAND Runtime.evaluate (id=49) {
   "expression": "(function() { // Copyright (c) 2012 The Chromium Authors. All rights reserved.\n// Use of this source code is governed by a BSD-style license that can be\n// found in the LICENSE file.\n\n/**\n * Enum f...",
   "returnByValue": true
}
[10.270][DEBUG]: DEVTOOLS RESPONSE Runtime.evaluate (id=49) {
   "result": {
      "type": "object",
      "value": {
         "status": 0,
         "value": false
      }
   },
   "wasThrown": false
}
[10.270][INFO]: Waiting for pending navigations...
[10.270][INFO]: Done waiting for pending navigations
[10.270][INFO]: RESPONSE IsElementDisplayed false
[10.771][INFO]: COMMAND FindElement {
   "sessionId": "ce4e26468ee8020f31a7c3fea4a59e8d",
   "using": "id",
   "value": "fb-login-btn"
}
[10.771][INFO]: Waiting for pending navigations...
[10.771][INFO]: Done waiting for pending navigations
[10.772][DEBUG]: DEVTOOLS COMMAND Runtime.evaluate (id=50) {
   "expression": "(function() { // Copyright (c) 2012 The Chromium Authors. All rights reserved.\n// Use of this source code is governed by a BSD-style license that can be\n// found in the LICENSE file.\n\n/**\n * Enum f...",
   "returnByValue": true
}
[10.775][DEBUG]: DEVTOOLS RESPONSE Runtime.evaluate (id=50) {
   "result": {
      "type": "object",
      "value": {
         "status": 0,
         "value": {
            "ELEMENT": "0.8445986693259329-2"
         }
      }
   },
   "wasThrown": false
}
[10.775][INFO]: Waiting for pending navigations...
[10.775][INFO]: Done waiting for pending navigations
[10.775][INFO]: RESPONSE FindElement {
   "ELEMENT": "0.8445986693259329-2"
}
[10.776][INFO]: COMMAND IsElementDisplayed {
   "id": "0.8445986693259329-2"
}
[10.776][INFO]: Waiting for pending navigations...
[10.776][INFO]: Done waiting for pending navigations
[10.776][DEBUG]: DEVTOOLS COMMAND Runtime.evaluate (id=51) {
   "expression": "(function() { // Copyright (c) 2012 The Chromium Authors. All rights reserved.\n// Use of this source code is governed by a BSD-style license that can be\n// found in the LICENSE file.\n\n/**\n * Enum f...",
   "returnByValue": true
}
[10.778][DEBUG]: DEVTOOLS RESPONSE Runtime.evaluate (id=51) {
   "result": {
      "type": "object",
      "value": {
         "status": 0,
         "value": false
      }
   },
   "wasThrown": false
}
[10.778][INFO]: Waiting for pending navigations...
[10.778][INFO]: Done waiting for pending navigations
[10.778][INFO]: RESPONSE IsElementDisplayed false
[11.280][INFO]: COMMAND FindElement {
   "sessionId": "ce4e26468ee8020f31a7c3fea4a59e8d",
   "using": "id",
   "value": "fb-login-btn"
}
[11.280][INFO]: Waiting for pending navigations...
[11.280][INFO]: Done waiting for pending navigations
[11.281][DEBUG]: DEVTOOLS COMMAND Runtime.evaluate (id=52) {
   "expression": "(function() { // Copyright (c) 2012 The Chromium Authors. All rights reserved.\n// Use of this source code is governed by a BSD-style license that can be\n// found in the LICENSE file.\n\n/**\n * Enum f...",
   "returnByValue": true
}
[11.284][DEBUG]: DEVTOOLS RESPONSE Runtime.evaluate (id=52) {
   "result": {
      "type": "object",
      "value": {
         "status": 0,
         "value": {
            "ELEMENT": "0.8445986693259329-2"
         }
      }
   },
   "wasThrown": false
}
[11.284][INFO]: Waiting for pending navigations...
[11.284][INFO]: Done waiting for pending navigations
[11.284][INFO]: RESPONSE FindElement {
   "ELEMENT": "0.8445986693259329-2"
}
[11.284][INFO]: COMMAND IsElementDisplayed {
   "id": "0.8445986693259329-2"
}
[11.284][INFO]: Waiting for pending navigations...
[11.284][INFO]: Done waiting for pending navigations
[11.285][DEBUG]: DEVTOOLS COMMAND Runtime.evaluate (id=53) {
   "expression": "(function() { // Copyright (c) 2012 The Chromium Authors. All rights reserved.\n// Use of this source code is governed by a BSD-style license that can be\n// found in the LICENSE file.\n\n/**\n * Enum f...",
   "returnByValue": true
}
[11.287][DEBUG]: DEVTOOLS RESPONSE Runtime.evaluate (id=53) {
   "result": {
      "type": "object",
      "value": {
         "status": 0,
         "value": false
      }
   },
   "wasThrown": false
}
[11.287][INFO]: Waiting for pending navigations...
[11.287][INFO]: Done waiting for pending navigations
[11.287][INFO]: RESPONSE IsElementDisplayed false
[11.789][INFO]: COMMAND FindElement {
   "sessionId": "ce4e26468ee8020f31a7c3fea4a59e8d",
   "using": "id",
   "value": "fb-login-btn"
}
[11.789][INFO]: Waiting for pending navigations...
[11.789][INFO]: Done waiting for pending navigations
[11.790][DEBUG]: DEVTOOLS COMMAND Runtime.evaluate (id=54) {
   "expression": "(function() { // Copyright (c) 2012 The Chromium Authors. All rights reserved.\n// Use of this source code is governed by a BSD-style license that can be\n// found in the LICENSE file.\n\n/**\n * Enum f...",
   "returnByValue": true
}
[11.793][DEBUG]: DEVTOOLS RESPONSE Runtime.evaluate (id=54) {
   "result": {
      "type": "object",
      "value": {
         "status": 0,
         "value": {
            "ELEMENT": "0.8445986693259329-2"
         }
      }
   },
   "wasThrown": false
}
[11.793][INFO]: Waiting for pending navigations...
[11.793][INFO]: Done waiting for pending navigations
[11.793][INFO]: RESPONSE FindElement {
   "ELEMENT": "0.8445986693259329-2"
}
[11.793][INFO]: COMMAND IsElementDisplayed {
   "id": "0.8445986693259329-2"
}
[11.793][INFO]: Waiting for pending navigations...
[11.793][INFO]: Done waiting for pending navigations
[11.794][DEBUG]: DEVTOOLS COMMAND Runtime.evaluate (id=55) {
   "expression": "(function() { // Copyright (c) 2012 The Chromium Authors. All rights reserved.\n// Use of this source code is governed by a BSD-style license that can be\n// found in the LICENSE file.\n\n/**\n * Enum f...",
   "returnByValue": true
}
[11.796][DEBUG]: DEVTOOLS RESPONSE Runtime.evaluate (id=55) {
   "result": {
      "type": "object",
      "value": {
         "status": 0,
         "value": false
      }
   },
   "wasThrown": false
}
[11.796][INFO]: Waiting for pending navigations...
[11.796][INFO]: Done waiting for pending navigations
[11.796][INFO]: RESPONSE IsElementDisplayed false
[12.297][INFO]: COMMAND FindElement {
   "sessionId": "ce4e26468ee8020f31a7c3fea4a59e8d",
   "using": "id",
   "value": "fb-login-btn"
}
[12.297][INFO]: Waiting for pending navigations...
[12.297][INFO]: Done waiting for pending navigations
[12.298][DEBUG]: DEVTOOLS COMMAND Runtime.evaluate (id=56) {
   "expression": "(function() { // Copyright (c) 2012 The Chromium Authors. All rights reserved.\n// Use of this source code is governed by a BSD-style license that can be\n// found in the LICENSE file.\n\n/**\n * Enum f...",
   "returnByValue": true
}
[12.301][DEBUG]: DEVTOOLS RESPONSE Runtime.evaluate (id=56) {
   "result": {
      "type": "object",
      "value": {
         "status": 0,
         "value": {
            "ELEMENT": "0.8445986693259329-2"
         }
      }
   },
   "wasThrown": false
}
[12.301][INFO]: Waiting for pending navigations...
[12.301][INFO]: Done waiting for pending navigations
[12.301][INFO]: RESPONSE FindElement {
   "ELEMENT": "0.8445986693259329-2"
}
[12.301][INFO]: COMMAND IsElementDisplayed {
   "id": "0.8445986693259329-2"
}
[12.301][INFO]: Waiting for pending navigations...
[12.301][INFO]: Done waiting for pending navigations
[12.302][DEBUG]: DEVTOOLS COMMAND Runtime.evaluate (id=57) {
   "expression": "(function() { // Copyright (c) 2012 The Chromium Authors. All rights reserved.\n// Use of this source code is governed by a BSD-style license that can be\n// found in the LICENSE file.\n\n/**\n * Enum f...",
   "returnByValue": true
}
[12.304][DEBUG]: DEVTOOLS RESPONSE Runtime.evaluate (id=57) {
   "result": {
      "type": "object",
      "value": {
         "status": 0,
         "value": false
      }
   },
   "wasThrown": false
}
[12.304][INFO]: Waiting for pending navigations...
[12.304][INFO]: Done waiting for pending navigations
[12.304][INFO]: RESPONSE IsElementDisplayed false
[12.805][INFO]: COMMAND FindElement {
   "sessionId": "ce4e26468ee8020f31a7c3fea4a59e8d",
   "using": "id",
   "value": "fb-login-btn"
}
[12.805][INFO]: Waiting for pending navigations...
[12.805][INFO]: Done waiting for pending navigations
[12.806][DEBUG]: DEVTOOLS COMMAND Runtime.evaluate (id=58) {
   "expression": "(function() { // Copyright (c) 2012 The Chromium Authors. All rights reserved.\n// Use of this source code is governed by a BSD-style license that can be\n// found in the LICENSE file.\n\n/**\n * Enum f...",
   "returnByValue": true
}
[12.809][DEBUG]: DEVTOOLS RESPONSE Runtime.evaluate (id=58) {
   "result": {
      "type": "object",
      "value": {
         "status": 0,
         "value": {
            "ELEMENT": "0.8445986693259329-2"
         }
      }
   },
   "wasThrown": false
}
[12.809][INFO]: Waiting for pending navigations...
[12.809][INFO]: Done waiting for pending navigations
[12.809][INFO]: RESPONSE FindElement {
   "ELEMENT": "0.8445986693259329-2"
}
[12.810][INFO]: COMMAND IsElementDisplayed {
   "id": "0.8445986693259329-2"
}
[12.810][INFO]: Waiting for pending navigations...
[12.810][INFO]: Done waiting for pending navigations
[12.810][DEBUG]: DEVTOOLS COMMAND Runtime.evaluate (id=59) {
   "expression": "(function() { // Copyright (c) 2012 The Chromium Authors. All rights reserved.\n// Use of this source code is governed by a BSD-style license that can be\n// found in the LICENSE file.\n\n/**\n * Enum f...",
   "returnByValue": true
}
[12.812][DEBUG]: DEVTOOLS RESPONSE Runtime.evaluate (id=59) {
   "result": {
      "type": "object",
      "value": {
         "status": 0,
         "value": false
      }
   },
   "wasThrown": false
}
[12.812][INFO]: Waiting for pending navigations...
[12.812][INFO]: Done waiting for pending navigations
[12.812][INFO]: RESPONSE IsElementDisplayed false
[13.314][INFO]: COMMAND FindElement {
   "sessionId": "ce4e26468ee8020f31a7c3fea4a59e8d",
   "using": "id",
   "value": "fb-login-btn"
}
[13.314][INFO]: Waiting for pending navigations...
[13.314][INFO]: Done waiting for pending navigations
[13.315][DEBUG]: DEVTOOLS COMMAND Runtime.evaluate (id=60) {
   "expression": "(function() { // Copyright (c) 2012 The Chromium Authors. All rights reserved.\n// Use of this source code is governed by a BSD-style license that can be\n// found in the LICENSE file.\n\n/**\n * Enum f...",
   "returnByValue": true
}
[13.317][DEBUG]: DEVTOOLS RESPONSE Runtime.evaluate (id=60) {
   "result": {
      "type": "object",
      "value": {
         "status": 0,
         "value": {
            "ELEMENT": "0.8445986693259329-2"
         }
      }
   },
   "wasThrown": false
}
[13.317][INFO]: Waiting for pending navigations...
[13.317][INFO]: Done waiting for pending navigations
[13.317][INFO]: RESPONSE FindElement {
   "ELEMENT": "0.8445986693259329-2"
}
[13.318][INFO]: COMMAND IsElementDisplayed {
   "id": "0.8445986693259329-2"
}
[13.318][INFO]: Waiting for pending navigations...
[13.318][INFO]: Done waiting for pending navigations
[13.319][DEBUG]: DEVTOOLS COMMAND Runtime.evaluate (id=61) {
   "expression": "(function() { // Copyright (c) 2012 The Chromium Authors. All rights reserved.\n// Use of this source code is governed by a BSD-style license that can be\n// found in the LICENSE file.\n\n/**\n * Enum f...",
   "returnByValue": true
}
[13.322][DEBUG]: DEVTOOLS RESPONSE Runtime.evaluate (id=61) {
   "result": {
      "type": "object",
      "value": {
         "status": 0,
         "value": false
      }
   },
   "wasThrown": false
}
[13.323][INFO]: Waiting for pending navigations...
[13.323][INFO]: Done waiting for pending navigations
[13.323][INFO]: RESPONSE IsElementDisplayed false
[27525:27525:0501/201011:ERROR:x11_util.cc(82)] X IO error received (X server probably went away)
[27488:27488:0501/201011:ERROR:chrome_browser_main_extra_parts_x11.cc(56)] X IO error received (X server probably went away)
